<?xml version="1.0" encoding="UTF-8"?>
<!-- Generated by org.testng.reporters.JUnitXMLReporter -->
<testsuite hostname="BLR1-LHP-N03115" ignored="1" name="Test" tests="4" failures="1" timestamp="01 Feb 2019 07:16:24 GMT" time="15.054" errors="0">
  <testcase name="f" time="0.02" classname="MavenPractiseProject.NewTest"/>
  <testcase name="Polymorphism" time="0.0" classname="MavenPractiseProject.oopsconcept">
    <failure type="org.testng.TestNGException" message="
Cannot inject @Test annotated Method [Polymorphism] with [class [Ljava.lang.String;].
For more information on native dependency injection please refer to http://testng.org/doc/documentation-main.html#native-dependency-injection">
      <![CDATA[org.testng.TestNGException: 
Cannot inject @Test annotated Method [Polymorphism] with [class [Ljava.lang.String;].
For more information on native dependency injection please refer to http://testng.org/doc/documentation-main.html#native-dependency-injection
at java.util.concurrent.ThreadPoolExecutor.runWorker(ThreadPoolExecutor.java:1149)
at java.util.concurrent.ThreadPoolExecutor$Worker.run(ThreadPoolExecutor.java:624)
at java.lang.Thread.run(Thread.java:748)
... Removed 9 stack frames]]>
    </failure>
  </testcase> <!-- Polymorphism -->
  <testcase name="executSessionOne" time="12.093" classname="MavenPractiseProject.NewTest"/>
  <testcase name="executSessionThree" time="15.002" classname="MavenPractiseProject.NewTest"/>
  <testcase name="executeSessionTwo" time="0.0" classname="MavenPractiseProject.NewTest">
    <ignored/>
  </testcase> <!-- executeSessionTwo -->
</testsuite> <!-- Test -->
